Info: CustomCategory:introduccion: 51 mini seconds publishing element
Info: Artifact:diagrama_de_espina_de_pescado: 307 mini seconds publishing element
Info: Role:gerente_de_proyecto: 109 mini seconds publishing element
Info: Role:analista_de_negocio: 100 mini seconds publishing element
Info: Artifact:planilla_de_procesos: 16 mini seconds publishing element
Info: Artifact:informe_de_contratacion: 30 mini seconds publishing element
Info: Artifact:informe_de_definicion_de_los_procesos_del_problema: 4 mini seconds publishing element
Info: Artifact:listado_de_requisitos_detallados: 18 mini seconds publishing element
Info: Role:arquitecto_de_software: 50 mini seconds publishing element
Info: Artifact:roles_del_modulo: 28 mini seconds publishing element
Info: Artifact:estructura_de_proceso: 4 mini seconds publishing element
Info: Role:lider_de_proyecto: 82 mini seconds publishing element
Info: Artifact:informe_de_estimacion: 11 mini seconds publishing element
Info: Artifact:informe_de_almacenamiento: 16 mini seconds publishing element
Info: Artifact:lista_de_procesos_del_modulo: 16 mini seconds publishing element
Info: Artifact:informe_detallado_del_problema: 15 mini seconds publishing element
Info: Artifact:informe_estado_de_proyecto: 16 mini seconds publishing element
Info: Artifact:informe_de_estado_y_almacenamiento_del_proyecto: 15 mini seconds publishing element
Info: Artifact:requisitos_funcionales: 16 mini seconds publishing element
Info: Artifact:requisitos_no_funcionales: 16 mini seconds publishing element
Info: Role:arquitecto_de_software: 78 mini seconds publishing element
Info: Artifact:diagrama_de_dominio: 25 mini seconds publishing element
Info: Artifact:trazabilidad_de_requisitos: 13 mini seconds publishing element
Info: Artifact:informe_de_almacenamiento: 17 mini seconds publishing element
Info: Artifact:casos_de_uso_del_sistema: 14 mini seconds publishing element
Info: Role:desarollador_backend: 67 mini seconds publishing element
Info: Role:administrador_base_de_datos: 66 mini seconds publishing element
Info: Role:disenador_grafico: 31 mini seconds publishing element
Info: Artifact:informe_de_almacenamiento_y_funcionalidades: 31 mini seconds publishing element
Info: Artifact:diseo_y_modelado_de_la_bd: 16 mini seconds publishing element
Info: Artifact:interfaces_de_usuario: 16 mini seconds publishing element
Info: Role:desarrollador_frontend: 47 mini seconds publishing element
Info: Artifact:formularios_en_papel: 0 mini seconds publishing element
Info: Artifact:informe_de_almacenamiento: 15 mini seconds publishing element
Info: Artifact:informe_de_implementacion_bd: 16 mini seconds publishing element
Info: Role:lider_de_proyecto: 31 mini seconds publishing element
Info: Artifact:interfaz_y_controlador_asociados: 16 mini seconds publishing element
Info: Artifact:base_de_datos_conectada: 15 mini seconds publishing element
Info: Artifact:codigo_documentado: 16 mini seconds publishing element
Info: Role:desarrollador_backend: 66 mini seconds publishing element
Info: Artifact:diagrama_de_clases: 9 mini seconds publishing element
Info: Role:desarrollador_frontend: 64 mini seconds publishing element
Info: Artifact:interfaz_de_usuario: 9 mini seconds publishing element
Info: Artifact:programa_funcional: 16 mini seconds publishing element
Info: Artifact:resultado_de_la_prueba: 19 mini seconds publishing element
Info: Artifact:poblacion_conseguida: 0 mini seconds publishing element
Info: Role:terceros: 34 mini seconds publishing element
Info: Role:gerente: 48 mini seconds publishing element
Info: Role:lider_de_proyecto: 46 mini seconds publishing element
Info: Artifact:parametros_de_prueba_: 16 mini seconds publishing element
Info: Role:tester: 63 mini seconds publishing element
Info: Artifact:conclusiones_y_acciones_a_tomar: 15 mini seconds publishing element
Info: Artifact:codigo_corregido: 16 mini seconds publishing element
Info: Role:desarrollador_backend: 47 mini seconds publishing element
Info: Role:desarrollador_frontend: 62 mini seconds publishing element
Info: Artifact:software_desplegado: 0 mini seconds publishing element
Info: Artifact:carta_de_despliegue: 16 mini seconds publishing element
Info: Role:gerente_: 36 mini seconds publishing element
Info: Role:lider_de_proyecto: 33 mini seconds publishing element
Info: Role:tester: 19 mini seconds publishing element
Info: Artifact:monitoreo_y_soporte: 2 mini seconds publishing element
Info: CustomCategory:procesos: 48 mini seconds publishing element
Info: Task:analizar_causas_del_problema: 223 mini seconds publishing element
Info: Task:determinar_el_impacto_del_problema_en_la_organizacion: 0 mini seconds publishing element
Info: Task:identificar_las_posibles_soluciones: 15 mini seconds publishing element
Info: Task:asignacion_de_responsabilidades: 16 mini seconds publishing element
Info: Task:descripcion_de_pasos_y_procedimientos: 15 mini seconds publishing element
Info: Task:identificacion_y_documentacion_de_procesos: 0 mini seconds publishing element
Info: Task:evaluacion_de_habilidades_y_competencias: 16 mini seconds publishing element
Info: Task:planificacion_de_la_contratacion: 16 mini seconds publishing element
Info: Task:realizar_entrevistas: 15 mini seconds publishing element
Info: Task:recepcion_y_revision_de_solicitudes: 0 mini seconds publishing element
Info: Task:analisis_de_causas_y_efecto: 16 mini seconds publishing element
Info: Task:analisis_de_impacto: 16 mini seconds publishing element
Info: Task:definicion_de_los_objetivos: 15 mini seconds publishing element
Info: Task:definir_limites_y_alcance: 4 mini seconds publishing element
Info: Task:identificacion_de_las_partes_interesadas: 20 mini seconds publishing element
Info: Task:definicion_de_requisitos: 20 mini seconds publishing element
Info: Task:documentacion_de_requisitos: 9 mini seconds publishing element
Info: Task:identificacion_de_posibles_cambios: 0 mini seconds publishing element
Info: Task:identificacion_de_stakeholders: 19 mini seconds publishing element
Info: Task:asignacion_de_roles_a_personas: 16 mini seconds publishing element
Info: Task:descripcion_de_roles_y_responsabilidades: 0 mini seconds publishing element
Info: Task:monitoreo_y_ajuste_de_roles: 22 mini seconds publishing element
Info: Task:Identificar_el_sector_donde_se_presento_el_problema: 10 mini seconds publishing element
Info: Task:informar_sobre_el_problema_al_gerente: 10 mini seconds publishing element
Info: Task:asignacion_de_costos_a_los_recursos: 6 mini seconds publishing element
Info: Task:calculo_de_los_costos_de_las_actividades: 18 mini seconds publishing element
Info: Task:estimacion_de_la_duracion_de_las_actividades: 16 mini seconds publishing element
Info: Task:estimacion_de_los_recursos_necesarios: 11 mini seconds publishing element
Info: Task:actualizar_informacion: 12 mini seconds publishing element
Info: Task:etiquetar_la_informacion: 4 mini seconds publishing element
Info: Task:analisis_de_actividades_y_operaciones: 16 mini seconds publishing element
Info: Task:documentacion_y_almacenamiento_de_procesos: 0 mini seconds publishing element
Info: Task:evalucion_de_eficiencia_y_efectividad: 16 mini seconds publishing element
Info: Task:identificar_puntos_de_entrada_y_salida: 15 mini seconds publishing element
Info: Task:presentar_posibles_soluciones: 13 mini seconds publishing element
Info: Task:recopilar_y_organizar_informacion_relevante: 16 mini seconds publishing element
Info: Task:comunicacion_con_los_stakeholders: 16 mini seconds publishing element
Info: Task:comunicacion_de_acciones_correctivas: 0 mini seconds publishing element
Info: Task:reuniones_de_seguimiento: 15 mini seconds publishing element
Info: Task:analisar_metricas_y_datos: 16 mini seconds publishing element
Info: Task:registrar_y_documentar_informacion: 0 mini seconds publishing element
Info: Task:revisar_informes_y_documentos: 15 mini seconds publishing element
Info: Task:desarrollar_los_requisitos_funcionales: 32 mini seconds publishing element
Info: Task:desarrollar_los_requisitos_no_funcionales: 0 mini seconds publishing element
Info: Task:gestionar_futuros_cambios: 15 mini seconds publishing element
Info: Task:disenar_el_modelo: 16 mini seconds publishing element
Info: Task:documentacion_del_modelo: 16 mini seconds publishing element
Info: Task:implementacion_del_modelo: 0 mini seconds publishing element
Info: Task:seguimiento_y_mejora_continua: 15 mini seconds publishing element
Info: Task:acutalizar_informacion: 16 mini seconds publishing element
Info: Task:etiquetar_informacion: 15 mini seconds publishing element
Info: Task:analisis_de_documentos: 0 mini seconds publishing element
Info: Task:gestionar_futuros_cambios: 16 mini seconds publishing element
Info: Task:priorizacion_de_requisitos: 16 mini seconds publishing element
Info: Task:reunion_con_los_interesados: 18 mini seconds publishing element
Info: Task:definir_funcionalidades: 4 mini seconds publishing element
Info: Task:documentacion_de_funcionalides: 23 mini seconds publishing element
Info: Task:priorizar_funcionalidades: 10 mini seconds publishing element
Info: Task:definir_reglas_de_integridad: 0 mini seconds publishing element
Info: Task:disenar_el_esquema_relacional: 22 mini seconds publishing element
Info: Task:establecer_estrategia_de_almacenamiento: 13 mini seconds publishing element
Info: Task:establecer_la_relacion_entre_entidades: 11 mini seconds publishing element
Info: Task:disear_aspecto_visual: 4 mini seconds publishing element
Info: Task:prototipar_la_interfaz: 18 mini seconds publishing element
Info: Task:realizar_pruebas_de_usabilidad: 0 mini seconds publishing element
Info: Task:crear_bocetos_y_esquemas_iniciales: 27 mini seconds publishing element
Info: Task:definir_la_disposicion_de_los_campos: 4 mini seconds publishing element
Info: Task:establecer_validaciones_y_restricciones: 19 mini seconds publishing element
Info: Task:etiquetar_informacion: 15 mini seconds publishing element
Info: Task:cargar_datos_iniciales: 10 mini seconds publishing element
Info: Task:establecer_seguridad_y_permisos: 5 mini seconds publishing element
Info: Task:realizar_pruebas_de_seguridad_y_rendimiento: 16 mini seconds publishing element
Info: Task:conectar_controlador_con_la_interfaz: 15 mini seconds publishing element
Info: Task:crear_controlador_de_la_interfaz: 0 mini seconds publishing element
Info: Task:crear_variables_asociadas_a_widget: 16 mini seconds publishing element
Info: Task:asociar_base_de_datos_al_codigo: 16 mini seconds publishing element
Info: Task:crear_base_de_datos: 0 mini seconds publishing element
Info: Task:involucrar_librerias_en_el_codigo: 15 mini seconds publishing element
Info: Task:desarrollar_el_codigo_documentado: 16 mini seconds publishing element
Info: Task:identificar_el_requisito: 0 mini seconds publishing element
Info: Task:plantear_el_desarrollo: 15 mini seconds publishing element
Info: Task:crear_diagrama_de_clases: 16 mini seconds publishing element
Info: Task:identificar_el_requisito: 0 mini seconds publishing element
Info: Task:identificar_entidades_e_informacion_relevante_para_el_modelador: 16 mini seconds publishing element
Info: Task:crear_interfaz: 15 mini seconds publishing element
Info: Task:identificar_funcionalidades_asociadas_a_la_interfaz: 0 mini seconds publishing element
Info: Task:identificar_puntos_claves_de_la_interfaz: 16 mini seconds publishing element
Info: Task:crear_entidades: 16 mini seconds publishing element
Info: Task:crear_metodos_asociados_a_la_interfaz: 15 mini seconds publishing element
Info: Task:crear_metodos_de_persistencia: 0 mini seconds publishing element
Info: Task:crear_metodos_en_el_controlador_de_la_interfaz: 16 mini seconds publishing element
Info: Task:cumplir_con_el_tiempo_establecido: 15 mini seconds publishing element
Info: Task:documentar_resultados: 0 mini seconds publishing element
Info: Task:informar_los_parametros_de_pueba_a_la_poblacion: 16 mini seconds publishing element
Info: Task:iniciar_prueba: 16 mini seconds publishing element
Info: Task:buscar_poblacion_apta: 0 mini seconds publishing element
Info: Task:contextualizar_a_la_poblacion: 0 mini seconds publishing element
Info: Task:definir_pago: 16 mini seconds publishing element
Info: Task:hacer_la_oferta: 7 mini seconds publishing element
Info: Task:definir_horarios: 23 mini seconds publishing element
Info: Task:establecer_publico_objetivo: 14 mini seconds publishing element
Info: Task:establecer_tiempos_: 9 mini seconds publishing element
Info: Task:analizar_resultados: 0 mini seconds publishing element
Info: Task:sacar_conclusiones: 21 mini seconds publishing element
Info: Task:tomar_decisiones_a_partir_de_las_conclusiones: 16 mini seconds publishing element
Info: Task:detectar_fallos: 11 mini seconds publishing element
Info: Task:implementar_correciones: 2 mini seconds publishing element
Info: Task:abrir_entorno: 15 mini seconds publishing element
Info: Task:poner_en_marcha: 8 mini seconds publishing element
Info: Task:definir_fecha_de_despliegue: 18 mini seconds publishing element
Info: Task:planificar_despliegue: 18 mini seconds publishing element
Info: Task:preparar_entorno: 12 mini seconds publishing element
Info: Task:brindar_soporte: 11 mini seconds publishing element
Info: Task:establecer_mecanismos_de_monitoreo: 0 mini seconds publishing element
Info: : Publishing time: 0 minutes 4 seconds
